[4604:3BD4][2017-11-01T22:07:33]: Burn v3.6.3542.0, Windows v6.3 (Build 9600: Service Pack 0), path: C:\Users\christian.petersson\github\Client_Install\TSMClient\ISSetupPrerequisites\{3A3AF437-A9CD-472f-9BC9-8EEDD7505A02}\vcredist_x64.exe, cmdline: '/install /quiet /norestart /log vcredist.log  -burn.unelevated BurnPipe.{A3AF29A5-4306-4423-B349-E597A79718D6} {392B58CB-8211-49C7-B539-07A05DF3D9A2} 13712'
[4604:3BD4][2017-11-01T22:07:33]: Setting string variable 'WixBundleLog' to value 'C:\Users\christian.petersson\github\Client_Install\vcredist.log'
[4604:3BD4][2017-11-01T22:07:33]: Setting string variable 'WixBundleOriginalSource' to value 'C:\Users\christian.petersson\github\Client_Install\TSMClient\ISSetupPrerequisites\{3A3AF437-A9CD-472f-9BC9-8EEDD7505A02}\vcredist_x64.exe'
[4604:3BD4][2017-11-01T22:07:33]: Detect 2 packages
[4604:3BD4][2017-11-01T22:07:33]: Detected package: vcRuntimeMinimum_x64, state: Present, cached: Complete
[4604:3BD4][2017-11-01T22:07:33]: Detected package: vcRuntimeAdditional_x64, state: Present, cached: Complete
[4604:3BD4][2017-11-01T22:07:33]: Condition 'VersionNT64 >= v6.0 OR (VersionNT64 = v5.2 AND ServicePackLevel >= 1)' evaluates to true.
[4604:3BD4][2017-11-01T22:07:33]: Detect complete, result: 0x0
[4604:3BD4][2017-11-01T22:07:33]: Plan 2 packages, action: Modify
[4604:3BD4][2017-11-01T22:07:33]: Condition 'VersionNT64 AND (VersionNT > v6.2 OR (VersionNT = v6.2 AND (NTProductType = 1)) OR (VersionNT = v6.2 AND NOT (NTProductType = 1)) OR (VersionNT = v6.0 AND NOT (NTProductType = 1)) OR (VersionNT = v6.1 AND (NTProductType = 1)) OR (VersionNT = v6.1 AND NOT (NTProductType = 1)) OR (VersionNT = v6.0 AND (NTProductType = 1)) OR (VersionNT = v5.1) OR (VersionNT = v5.2 AND NOT (NTProductType = 1)) OR (VersionNT = v5.2 AND (NTProductType = 1)))' evaluates to true.
[4604:3BD4][2017-11-01T22:07:33]: Condition 'VersionNT64 AND (VersionNT > v6.2 OR (VersionNT = v6.2 AND (NTProductType = 1)) OR (VersionNT = v6.2 AND NOT (NTProductType = 1)) OR (VersionNT = v6.0 AND NOT (NTProductType = 1)) OR (VersionNT = v6.1 AND (NTProductType = 1)) OR (VersionNT = v6.1 AND NOT (NTProductType = 1)) OR (VersionNT = v6.0 AND (NTProductType = 1)) OR (VersionNT = v5.1) OR (VersionNT = v5.2 AND NOT (NTProductType = 1)) OR (VersionNT = v5.2 AND (NTProductType = 1)))' evaluates to true.
[4604:3BD4][2017-11-01T22:07:33]: Planned package: vcRuntimeMinimum_x64, state: Present, default requested: None, ba requested: None, execute: None, rollback: None, cache: No, uncache: No, dependency: None
[4604:3BD4][2017-11-01T22:07:33]: Planned package: vcRuntimeAdditional_x64, state: Present, default requested: None, ba requested: None, execute: None, rollback: None, cache: No, uncache: No, dependency: None
[4604:3BD4][2017-11-01T22:07:33]: Plan complete, result: 0x0
[4604:3BD4][2017-11-01T22:07:33]: Apply begin
[3590:4284][2017-11-01T22:07:33]: Creating a system restore point.
[3590:4284][2017-11-01T22:07:33]: Created a system restore point.
[4604:3BD4][2017-11-01T22:07:33]: Apply complete, result: 0x0, restart: None, ba requested restart:  No
[4604:3BD4][2017-11-01T22:07:33]: Shutting down, exit code: 0x0
[4604:3BD4][2017-11-01T22:07:33]: Variable: NTProductType = 1
[4604:3BD4][2017-11-01T22:07:33]: Variable: VersionNT = 6.3.0.0
[4604:3BD4][2017-11-01T22:07:33]: Variable: VersionNT64 = 6.3.0.0
[4604:3BD4][2017-11-01T22:07:33]: Variable: WixBundleAction = 5
[4604:3BD4][2017-11-01T22:07:33]: Variable: WixBundleElevated = 1
[4604:3BD4][2017-11-01T22:07:33]: Variable: WixBundleInstalled = 1
[4604:3BD4][2017-11-01T22:07:33]: Variable: WixBundleLog = C:\Users\christian.petersson\github\Client_Install\vcredist.log
[4604:3BD4][2017-11-01T22:07:33]: Variable: WixBundleName = Microsoft Visual C++ 2012 Redistributable (x64) - 11.0.61030
[4604:3BD4][2017-11-01T22:07:33]: Variable: WixBundleOriginalSource = C:\Users\christian.petersson\Downloads\TSMClient\ISSetupPrerequisites\{3A3AF437-A9CD-472f-9BC9-8EEDD7505A02}\vcredist_x64.exe
[4604:3BD4][2017-11-01T22:07:33]: Variable: WixBundleProviderKey = {ca67548a-5ebe-413a-b50c-4b9ceb6d66c6}
[4604:3BD4][2017-11-01T22:07:33]: Variable: WixBundleTag = 
[4604:3BD4][2017-11-01T22:07:33]: Variable: WixBundleVersion = 11.0.61030.0
[4604:3BD4][2017-11-01T22:07:33]: Exit code: 0x0, restarting: No
